<?xml version="1.0" encoding="UTF-8"?>
<!-- Generated by org.testng.reporters.JUnitXMLReporter -->
<testsuite ignored="0" hostname="DESKTOP-41J296P" failures="0" tests="6" name="JavaTestNgTesting" time="0.205" errors="0" timestamp="2025-06-07T19:47:01 CLT">
  <testcase classname="ParallelTesting" name="test1" time="0.021"/>
  <testcase classname="ParallelTesting" name="test2" time="0.002"/>
  <testcase classname="ParallelTesting" name="test3" time="0.005"/>
  <testcase classname="ParallelTesting" name="test4" time="0.002"/>
  <testcase classname="ParallelTesting" name="test4" time="0.003"/>
  <testcase classname="ParallelTesting" name="test4" time="0.003"/>
</testsuite> <!-- JavaTestNgTesting -->
